Using pre-set license
Built from '2021.3/staging' branch; Version is '2021.3.9f1 (ad3870b89536) revision 11352176'; Using compiler version '192829333'; Build Type 'Release'
OS: 'Windows 11  (10.0.22621) 64bit Core' Language: 'en' Physical Memory: 32528 MB
BatchMode: 1, IsHumanControllingUs: 0, StartBugReporterOnCrash: 0, Is64bit: 1, IsPro: 1

COMMAND LINE ARGUMENTS:
C:\Program Files\Unity\Hub\Editor\2021.3.9f1\Editor\Unity.exe
-adb2
-batchMode
-noUpm
-name
AssetImportWorker4
-projectPath
C:/Repo/MobileHordeGame/MobileHordeGame/MobileHordeGame
-logFile
Logs/AssetImportWorker4.log
-srvPort
64814
Successfully changed project path to: C:/Repo/MobileHordeGame/MobileHordeGame/MobileHordeGame
C:/Repo/MobileHordeGame/MobileHordeGame/MobileHordeGame
[UnityMemory] Configuration Parameters - Can be set up in boot.config
    "memorysetup-bucket-allocator-granularity=16"
    "memorysetup-bucket-allocator-bucket-count=8"
    "memorysetup-bucket-allocator-block-size=33554432"
    "memorysetup-bucket-allocator-block-count=8"
    "memorysetup-main-allocator-block-size=16777216"
    "memorysetup-thread-allocator-block-size=16777216"
    "memorysetup-gfx-main-allocator-block-size=16777216"
    "memorysetup-gfx-thread-allocator-block-size=16777216"
    "memorysetup-cache-allocator-block-size=4194304"
    "memorysetup-typetree-allocator-block-size=2097152"
    "memorysetup-profiler-bucket-allocator-granularity=16"
    "memorysetup-profiler-bucket-allocator-bucket-count=8"
    "memorysetup-profiler-bucket-allocator-block-size=33554432"
    "memorysetup-profiler-bucket-allocator-block-count=8"
    "memorysetup-profiler-allocator-block-size=16777216"
    "memorysetup-profiler-editor-allocator-block-size=1048576"
    "memorysetup-temp-allocator-size-main=16777216"
    "memorysetup-job-temp-allocator-block-size=2097152"
    "memorysetup-job-temp-allocator-block-size-background=1048576"
    "memorysetup-job-temp-allocator-reduction-small-platforms=262144"
    "memorysetup-temp-allocator-size-background-worker=32768"
    "memorysetup-temp-allocator-size-job-worker=262144"
    "memorysetup-temp-allocator-size-preload-manager=33554432"
    "memorysetup-temp-allocator-size-nav-mesh-worker=65536"
    "memorysetup-temp-allocator-size-audio-worker=65536"
    "memorysetup-temp-allocator-size-cloud-worker=32768"
    "memorysetup-temp-allocator-size-gi-baking-worker=262144"
    "memorysetup-temp-allocator-size-gfx=262144"
Refreshing native plugins compatible for Editor in 189.89 ms, found 4 plugins.
Preloading 0 native plugins for Editor in 0.00 ms.
Initialize engine version: 2021.3.9f1 (ad3870b89536)
[Subsystems] Discovering subsystems at path C:/Program Files/Unity/Hub/Editor/2021.3.9f1/Editor/Data/Resources/UnitySubsystems
[Subsystems] Discovering subsystems at path C:/Repo/MobileHordeGame/MobileHordeGame/MobileHordeGame/Assets
GfxDevice: creating device client; threaded=0; jobified=0
Direct3D:
    Version:  Direct3D 11.0 [level 11.1]
    Renderer: NVIDIA GeForce RTX 3080 Laptop GPU (ID=0x24dc)
    Vendor:   NVIDIA
    VRAM:     8042 MB
    Driver:   30.0.14.9649
Initialize mono
Mono path[0] = 'C:/Program Files/Unity/Hub/Editor/2021.3.9f1/Editor/Data/Managed'
Mono path[1] = 'C:/Program Files/Unity/Hub/Editor/2021.3.9f1/Editor/Data/MonoBleedingEdge/lib/mono/unityjit-win32'
Mono config path = 'C:/Program Files/Unity/Hub/Editor/2021.3.9f1/Editor/Data/MonoBleedingEdge/etc'
Using monoOptions --debugger-agent=transport=dt_socket,embedding=1,server=y,suspend=n,address=127.0.0.1:56512
Begin MonoManager ReloadAssembly
Registering precompiled unity dll's ...
Register platform support module: C:/Program Files/Unity/Hub/Editor/2021.3.9f1/Editor/Data/PlaybackEngines/AndroidPlayer/UnityEditor.Android.Extensions.dll
Register platform support module: C:/Program Files/Unity/Hub/Editor/2021.3.9f1/Editor/Data/PlaybackEngines/WindowsStandaloneSupport/UnityEditor.WindowsStandalone.Extensions.dll
Registered in 0.009783 seconds.
Native extension for WindowsStandalone target not found
Native extension for Android target not found
Refreshing native plugins compatible for Editor in 169.38 ms, found 4 plugins.
Preloading 0 native plugins for Editor in 0.00 ms.
Mono: successfully reloaded assembly
- Completed reload, in  1.093 seconds
Domain Reload Profiling:
	ReloadAssembly (1094ms)
		BeginReloadAssembly (114ms)
			ExecutionOrderSort (0ms)
			DisableScriptedObjects (0ms)
			BackupInstance (0ms)
			ReleaseScriptingObjects (0ms)
			CreateAndSetChildDomain (1ms)
		EndReloadAssembly (804ms)
			LoadAssemblies (112ms)
			RebuildTransferFunctionScriptingTraits (0ms)
			SetupTypeCache (184ms)
			ReleaseScriptCaches (0ms)
			RebuildScriptCaches (46ms)
			SetupLoadedEditorAssemblies (488ms)
				LogAssemblyErrors (0ms)
				InitializePlatformSupportModulesInManaged (86ms)
				SetLoadedEditorAssemblies (0ms)
				RefreshPlugins (169ms)
				BeforeProcessingInitializeOnLoad (2ms)
				ProcessInitializeOnLoadAttributes (161ms)
				ProcessInitializeOnLoadMethodAttributes (68ms)
				AfterProcessingInitializeOnLoad (0ms)
				EditorAssembliesLoaded (0ms)
			ExecutionOrderSort2 (0ms)
			AwakeInstancesAfterBackupRestoration (0ms)
Platform modules already initialized, skipping
Registering precompiled user dll's ...
Registered in 0.012807 seconds.
Begin MonoManager ReloadAssembly
Symbol file LoadedFromMemory doesn't match image C:\Repo\MobileHordeGame\MobileHordeGame\MobileHordeGame\Library\PackageCache\com.unity.visualscripting@1.7.8\Editor\VisualScripting.Core\Dependencies\DotNetZip\Unity.VisualScripting.IonicZip.dll
Symbol file LoadedFromMemory doesn't match image C:\Repo\MobileHordeGame\MobileHordeGame\MobileHordeGame\Library\PackageCache\com.unity.visualscripting@1.7.8\Editor\VisualScripting.Core\Dependencies\YamlDotNet\Unity.VisualScripting.YamlDotNet.dll
Native extension for WindowsStandalone target not found
Native extension for Android target not found
Refreshing native plugins compatible for Editor in 162.68 ms, found 4 plugins.
Preloading 0 native plugins for Editor in 0.00 ms.
Mono: successfully reloaded assembly
Package Manager log level set to [2]
- Completed reload, in  3.917 seconds
Domain Reload Profiling:
	ReloadAssembly (3919ms)
		BeginReloadAssembly (283ms)
			ExecutionOrderSort (0ms)
			DisableScriptedObjects (10ms)
			BackupInstance (0ms)
			ReleaseScriptingObjects (0ms)
			CreateAndSetChildDomain (134ms)
		EndReloadAssembly (3430ms)
			LoadAssemblies (151ms)
			RebuildTransferFunctionScriptingTraits (0ms)
			SetupTypeCache (633ms)
			ReleaseScriptCaches (1ms)
			RebuildScriptCaches (117ms)
			SetupLoadedEditorAssemblies (2433ms)
				LogAssemblyErrors (0ms)
				InitializePlatformSupportModulesInManaged (21ms)
				SetLoadedEditorAssemblies (0ms)
				RefreshPlugins (163ms)
				BeforeProcessingInitializeOnLoad (192ms)
				ProcessInitializeOnLoadAttributes (596ms)
				ProcessInitializeOnLoadMethodAttributes (1450ms)
				AfterProcessingInitializeOnLoad (10ms)
				EditorAssembliesLoaded (0ms)
			ExecutionOrderSort2 (0ms)
			AwakeInstancesAfterBackupRestoration (11ms)
Platform modules already initialized, skipping
========================================================================
Worker process is ready to serve import requests
Launched and connected shader compiler UnityShaderCompiler.exe after 0.10 seconds
Refreshing native plugins compatible for Editor in 1.22 ms, found 4 plugins.
Preloading 0 native plugins for Editor in 0.00 ms.
Unloading 4741 Unused Serialized files (Serialized files now loaded: 0)
Unloading 59 unused Assets / (56.6 KB). Loaded Objects now: 5182.
Memory consumption went from 176.4 MB to 176.3 MB.
Total: 5.915800 ms (FindLiveObjects: 0.515600 ms CreateObjectMapping: 0.606300 ms MarkObjects: 4.647100 ms  DeleteObjects: 0.144800 ms)

AssetImportParameters requested are different than current active one (requested -> active):
  custom:video-decoder-ogg-theora: a1e56fd34408186e4bbccfd4996cb3dc -> 
  custom:container-muxer-webm: aa71ff27fc2769a1b78a27578f13a17b -> 
  custom:container-demuxer-webm: 4f35f7cbe854078d1ac9338744f61a02 -> 
  custom:video-encoder-webm-vp8: eb34c28f22e8b96e1ab97ce403110664 -> 
  custom:video-codec-MediaFoundation-h265: 746d11721c4dcdbdad8f713fa42b33f4 -> 
  custom:audio-encoder-webm-vorbis: bf7c407c2cedff20999df2af8eb42d56 -> 
  custom:framework-win-MediaFoundation: 216162199b28c13a410421893ffa2e32 -> 
  custom:container-demuxer-ogg: 62fdf1f143b41e24485cea50d1cbac27 -> 
  custom:video-decoder-webm-vp8: 9c59270c3fd7afecdb556c50c9e8de78 -> 
  custom:audio-decoder-ogg-vorbis: bf7c407c2cedff20999df2af8eb42d56 -> 
========================================================================
Received Import Request.
  Time since last request: 664470.874107 seconds.
  path: Assets/Scenes/HordeGame.unity
  artifactKey: Guid(3fc8acdd13e6c734bafef6554d6fdbcd) Importer(815301076,1909f56bfc062723c751e8b465ee728b)
Start importing Assets/Scenes/HordeGame.unity using Guid(3fc8acdd13e6c734bafef6554d6fdbcd) Importer(815301076,1909f56bfc062723c751e8b465ee728b)  -> (artifact id: '69d586f4ddbf2ce5c1a2377ea2d30997') in 0.020702 seconds 
========================================================================
Received Import Request.
  Time since last request: 9.037273 seconds.
  path: Assets/Scenes/MainMenu.unity
  artifactKey: Guid(0d8afeca2686f3749939bcf88094776e) Importer(815301076,1909f56bfc062723c751e8b465ee728b)
Start importing Assets/Scenes/MainMenu.unity using Guid(0d8afeca2686f3749939bcf88094776e) Importer(815301076,1909f56bfc062723c751e8b465ee728b)  -> (artifact id: 'd4348c42d9b2c7e4daa59f532c0ff3e9') in 0.002432 seconds 
========================================================================
Received Import Request.
  Time since last request: 1371.889930 seconds.
  path: Assets/Anims/InGameUIAnims/New Animator Controller.controller
  artifactKey: Guid(e928165b2842f614698abbda077ef053) Importer(815301076,1909f56bfc062723c751e8b465ee728b)
Start importing Assets/Anims/InGameUIAnims/New Animator Controller.controller using Guid(e928165b2842f614698abbda077ef053) Importer(815301076,1909f56bfc062723c751e8b465ee728b)  -> (artifact id: '329b003a9a38a9e2d0140b0418854ec6') in 0.046208 seconds 
========================================================================
Received Import Request.
  Time since last request: 42.953267 seconds.
  path: Assets/Anims/InGameMenuAnims/InGameMenuAnimator.controller
  artifactKey: Guid(8ce38f280f6932443b8aefe275a353b5) Importer(815301076,1909f56bfc062723c751e8b465ee728b)
Start importing Assets/Anims/InGameMenuAnims/InGameMenuAnimator.controller using Guid(8ce38f280f6932443b8aefe275a353b5) Importer(815301076,1909f56bfc062723c751e8b465ee728b)  -> (artifact id: 'eeed86ef720534eb58e2126710e28d3d') in 0.010177 seconds 
========================================================================
Received Import Request.
  Time since last request: 22.776857 seconds.
  path: Assets/Anims/MainMenuAnim
  artifactKey: Guid(210dca83fcf83aa4489f034abfb44797) Importer(815301076,1909f56bfc062723c751e8b465ee728b)
Start importing Assets/Anims/MainMenuAnim using Guid(210dca83fcf83aa4489f034abfb44797) Importer(815301076,1909f56bfc062723c751e8b465ee728b)  -> (artifact id: 'e516379fb944549e25b6023c176508a2') in 0.007734 seconds 
========================================================================
Received Import Request.
  Time since last request: 45.534062 seconds.
  path: Assets/Anims/MainMenuAnim/MainMenu.controller
  artifactKey: Guid(874218e64a143df47ba386587ab49c3e) Importer(815301076,1909f56bfc062723c751e8b465ee728b)
Start importing Assets/Anims/MainMenuAnim/MainMenu.controller using Guid(874218e64a143df47ba386587ab49c3e) Importer(815301076,1909f56bfc062723c751e8b465ee728b)  -> (artifact id: '1901969655c42ca83e6905b2bae48261') in 0.007877 seconds 
========================================================================
Received Import Request.
  Time since last request: 75.318271 seconds.
  path: Assets/Anims/MainMenuAnim/Idle.anim
  artifactKey: Guid(d9d9cd0c2e72c8b4095ff061072c53f9) Importer(815301076,1909f56bfc062723c751e8b465ee728b)
Start importing Assets/Anims/MainMenuAnim/Idle.anim using Guid(d9d9cd0c2e72c8b4095ff061072c53f9) Importer(815301076,1909f56bfc062723c751e8b465ee728b)  -> (artifact id: 'ae2ab3cb7da73160980d07370bd0546f') in 0.012170 seconds 
========================================================================
Received Import Request.
  Time since last request: 24.785421 seconds.
  path: Assets/Anims/MainMenuAnim/SelectDifficulty.anim
  artifactKey: Guid(da10b2c1a4bb46e4d99149c4a1a5f7bd) Importer(815301076,1909f56bfc062723c751e8b465ee728b)
Start importing Assets/Anims/MainMenuAnim/SelectDifficulty.anim using Guid(da10b2c1a4bb46e4d99149c4a1a5f7bd) Importer(815301076,1909f56bfc062723c751e8b465ee728b)  -> (artifact id: '8f05be24d8ead951f0f82cec29fa1aff') in 0.009464 seconds 
========================================================================
Received Import Request.
  Time since last request: 210.806954 seconds.
  path: Assets/Anims/MainMenuAnim/MainMenu.anim
  artifactKey: Guid(278c758946543d74fb418a7c46846279) Importer(815301076,1909f56bfc062723c751e8b465ee728b)
Start importing Assets/Anims/MainMenuAnim/MainMenu.anim using Guid(278c758946543d74fb418a7c46846279) Importer(815301076,1909f56bfc062723c751e8b465ee728b)  -> (artifact id: '7ad87928a03caadfe62d15343cc052cf') in 0.003206 seconds 
========================================================================
Received Import Request.
  Time since last request: 11.974692 seconds.
  path: Assets/Anims/MainMenuAnim/MainMenu.controller
  artifactKey: Guid(874218e64a143df47ba386587ab49c3e) Importer(815301076,1909f56bfc062723c751e8b465ee728b)
Start importing Assets/Anims/MainMenuAnim/MainMenu.controller using Guid(874218e64a143df47ba386587ab49c3e) Importer(815301076,1909f56bfc062723c751e8b465ee728b)  -> (artifact id: 'a7ecab78a4afba6f7ae45d1632fa629b') in 0.003644 seconds 
========================================================================
Received Prepare
Registering precompiled user dll's ...
Registered in 0.009958 seconds.
Begin MonoManager ReloadAssembly
Symbol file LoadedFromMemory doesn't match image C:\Repo\MobileHordeGame\MobileHordeGame\MobileHordeGame\Library\PackageCache\com.unity.visualscripting@1.7.8\Editor\VisualScripting.Core\Dependencies\DotNetZip\Unity.VisualScripting.IonicZip.dll
Symbol file LoadedFromMemory doesn't match image C:\Repo\MobileHordeGame\MobileHordeGame\MobileHordeGame\Library\PackageCache\com.unity.visualscripting@1.7.8\Editor\VisualScripting.Core\Dependencies\YamlDotNet\Unity.VisualScripting.YamlDotNet.dll
Native extension for WindowsStandalone target not found
Native extension for Android target not found
Refreshing native plugins compatible for Editor in 1.03 ms, found 4 plugins.
Preloading 0 native plugins for Editor in 0.00 ms.
Mono: successfully reloaded assembly
- Completed reload, in  1.612 seconds
Domain Reload Profiling:
	ReloadAssembly (1613ms)
		BeginReloadAssembly (212ms)
			ExecutionOrderSort (0ms)
			DisableScriptedObjects (10ms)
			BackupInstance (0ms)
			ReleaseScriptingObjects (0ms)
			CreateAndSetChildDomain (60ms)
		EndReloadAssembly (1252ms)
			LoadAssemblies (153ms)
			RebuildTransferFunctionScriptingTraits (0ms)
			SetupTypeCache (385ms)
			ReleaseScriptCaches (2ms)
			RebuildScriptCaches (64ms)
			SetupLoadedEditorAssemblies (588ms)
				LogAssemblyErrors (0ms)
				InitializePlatformSupportModulesInManaged (29ms)
				SetLoadedEditorAssemblies (1ms)
				RefreshPlugins (1ms)
				BeforeProcessingInitializeOnLoad (106ms)
				ProcessInitializeOnLoadAttributes (391ms)
				ProcessInitializeOnLoadMethodAttributes (48ms)
				AfterProcessingInitializeOnLoad (11ms)
				EditorAssembliesLoaded (0ms)
			ExecutionOrderSort2 (0ms)
			AwakeInstancesAfterBackupRestoration (12ms)
Platform modules already initialized, skipping
Refreshing native plugins compatible for Editor in 5.40 ms, found 4 plugins.
Preloading 0 native plugins for Editor in 0.00 ms.
Unloading 4716 Unused Serialized files (Serialized files now loaded: 0)
Unloading 44 unused Assets / (25.7 KB). Loaded Objects now: 5186.
Memory consumption went from 174.4 MB to 174.4 MB.
Total: 5.416900 ms (FindLiveObjects: 0.385200 ms CreateObjectMapping: 0.311400 ms MarkObjects: 4.680900 ms  DeleteObjects: 0.038300 ms)

AssetImportParameters requested are different than current active one (requested -> active):
  custom:video-decoder-ogg-theora: a1e56fd34408186e4bbccfd4996cb3dc -> 
  custom:container-muxer-webm: aa71ff27fc2769a1b78a27578f13a17b -> 
  custom:container-demuxer-webm: 4f35f7cbe854078d1ac9338744f61a02 -> 
  custom:video-encoder-webm-vp8: eb34c28f22e8b96e1ab97ce403110664 -> 
  custom:video-codec-MediaFoundation-h265: 746d11721c4dcdbdad8f713fa42b33f4 -> 
  custom:audio-encoder-webm-vorbis: bf7c407c2cedff20999df2af8eb42d56 -> 
  custom:framework-win-MediaFoundation: 216162199b28c13a410421893ffa2e32 -> 
  custom:container-demuxer-ogg: 62fdf1f143b41e24485cea50d1cbac27 -> 
  custom:video-decoder-webm-vp8: 9c59270c3fd7afecdb556c50c9e8de78 -> 
  custom:audio-decoder-ogg-vorbis: bf7c407c2cedff20999df2af8eb42d56 -> 
========================================================================
Received Import Request.
  Time since last request: 916.371822 seconds.
  path: Assets/Anims/MainMenuAnim/MainMenu.controller
  artifactKey: Guid(874218e64a143df47ba386587ab49c3e) Importer(815301076,1909f56bfc062723c751e8b465ee728b)
Start importing Assets/Anims/MainMenuAnim/MainMenu.controller using Guid(874218e64a143df47ba386587ab49c3e) Importer(815301076,1909f56bfc062723c751e8b465ee728b)  -> (artifact id: '38bd26d894f4de320ca588c77826c7ef') in 0.026099 seconds 
========================================================================
Received Prepare
Registering precompiled user dll's ...
Registered in 0.011838 seconds.
Begin MonoManager ReloadAssembly
Symbol file LoadedFromMemory doesn't match image C:\Repo\MobileHordeGame\MobileHordeGame\MobileHordeGame\Library\PackageCache\com.unity.visualscripting@1.7.8\Editor\VisualScripting.Core\Dependencies\DotNetZip\Unity.VisualScripting.IonicZip.dll
Symbol file LoadedFromMemory doesn't match image C:\Repo\MobileHordeGame\MobileHordeGame\MobileHordeGame\Library\PackageCache\com.unity.visualscripting@1.7.8\Editor\VisualScripting.Core\Dependencies\YamlDotNet\Unity.VisualScripting.YamlDotNet.dll
Native extension for WindowsStandalone target not found
Native extension for Android target not found
Refreshing native plugins compatible for Editor in 1.06 ms, found 4 plugins.
Preloading 0 native plugins for Editor in 0.00 ms.
Mono: successfully reloaded assembly
- Completed reload, in  1.517 seconds
Domain Reload Profiling:
	ReloadAssembly (1518ms)
		BeginReloadAssembly (172ms)
			ExecutionOrderSort (0ms)
			DisableScriptedObjects (9ms)
			BackupInstance (0ms)
			ReleaseScriptingObjects (0ms)
			CreateAndSetChildDomain (53ms)
		EndReloadAssembly (1196ms)
			LoadAssemblies (123ms)
			RebuildTransferFunctionScriptingTraits (0ms)
			SetupTypeCache (381ms)
			ReleaseScriptCaches (2ms)
			RebuildScriptCaches (61ms)
			SetupLoadedEditorAssemblies (539ms)
				LogAssemblyErrors (0ms)
				InitializePlatformSupportModulesInManaged (25ms)
				SetLoadedEditorAssemblies (1ms)
				RefreshPlugins (1ms)
				BeforeProcessingInitializeOnLoad (106ms)
				ProcessInitializeOnLoadAttributes (343ms)
				ProcessInitializeOnLoadMethodAttributes (54ms)
				AfterProcessingInitializeOnLoad (9ms)
				EditorAssembliesLoaded (0ms)
			ExecutionOrderSort2 (0ms)
			AwakeInstancesAfterBackupRestoration (13ms)
Platform modules already initialized, skipping
Refreshing native plugins compatible for Editor in 5.86 ms, found 4 plugins.
Preloading 0 native plugins for Editor in 0.00 ms.
Unloading 4716 Unused Serialized files (Serialized files now loaded: 0)
Unloading 44 unused Assets / (25.8 KB). Loaded Objects now: 5189.
Memory consumption went from 174.4 MB to 174.4 MB.
Total: 4.570800 ms (FindLiveObjects: 0.413000 ms CreateObjectMapping: 0.318600 ms MarkObjects: 3.801000 ms  DeleteObjects: 0.037100 ms)

AssetImportParameters requested are different than current active one (requested -> active):
  custom:video-decoder-ogg-theora: a1e56fd34408186e4bbccfd4996cb3dc -> 
  custom:container-muxer-webm: aa71ff27fc2769a1b78a27578f13a17b -> 
  custom:container-demuxer-webm: 4f35f7cbe854078d1ac9338744f61a02 -> 
  custom:video-encoder-webm-vp8: eb34c28f22e8b96e1ab97ce403110664 -> 
  custom:video-codec-MediaFoundation-h265: 746d11721c4dcdbdad8f713fa42b33f4 -> 
  custom:audio-encoder-webm-vorbis: bf7c407c2cedff20999df2af8eb42d56 -> 
  custom:framework-win-MediaFoundation: 216162199b28c13a410421893ffa2e32 -> 
  custom:container-demuxer-ogg: 62fdf1f143b41e24485cea50d1cbac27 -> 
  custom:video-decoder-webm-vp8: 9c59270c3fd7afecdb556c50c9e8de78 -> 
  custom:audio-decoder-ogg-vorbis: bf7c407c2cedff20999df2af8eb42d56 -> 
